        -:    0:Source:TestCollatz.c++
        -:    0:Graph:TestCollatz.gcno
        -:    0:Data:TestCollatz.gcda
        -:    0:Runs:1
        -:    0:Programs:1
        -:    1:// --------------------------------
        -:    2:// projects/collatz/TestCollatz.c++
        -:    3:// Copyright (C) 2015
        -:    4:// Glenn P. Downing
        -:    5:// --------------------------------
        -:    6:
        -:    7:// https://code.google.com/p/googletest/wiki/V1_7_Primer#Basic_Assertions
        -:    8:
        -:    9:// --------
        -:   10:// includes
        -:   11:// --------
        -:   12:
        -:   13:#include <iostream> // cout, endl
        -:   14:#include <sstream>  // istringtstream, ostringstream
        -:   15:#include <string>   // string
        -:   16:#include <utility>  // pair
        -:   17:
        -:   18:#include "gtest/gtest.h"
        -:   19:
        -:   20:#include "Collatz.h"
        -:   21:
        -:   22:using namespace std;
        -:   23:
        -:   24:// -----------
        -:   25:// TestCollatz
        -:   26:// -----------
        -:   27:
        -:   28:// ----
        -:   29:// read
        -:   30:// ----
        -:   31:
function _ZN26CollatzFixture_read_1_TestD0Ev called 1 returned 100% blocks executed 100%
function _ZN26CollatzFixture_read_1_TestD2Ev called 1 returned 100% blocks executed 75%
function _ZN26CollatzFixture_read_1_Test8TestBodyEv called 1 returned 100% blocks executed 40%
function _ZN26CollatzFixture_read_1_TestC2Ev called 1 returned 100% blocks executed 100%
        5:   32:TEST(CollatzFixture, read_1) {
call    0 returned 100%
call    1 returned 100%
call    2 returned 100%
call    3 returned 100%
call    4 returned 100%
call    5 returned 100%
call    6 returned 100%
branch  7 taken 0% (fallthrough)
branch  8 taken 100%
call    9 never executed
call   10 returned 100%
        1:   33:    string s("1 10\n");
call    0 returned 100%
call    1 returned 100%
branch  2 taken 100% (fallthrough)
branch  3 taken 0% (throw)
call    4 returned 100%
        1:   34:    const pair<int, int> p = collatz_read(s);
call    0 returned 100%
branch  1 taken 100% (fallthrough)
branch  2 taken 0% (throw)
        1:   35:    ASSERT_EQ( 1, p.first);
call    0 returned 100%
branch  1 taken 100% (fallthrough)
branch  2 taken 0% (throw)
call    3 returned 100%
branch  4 taken 0% (fallthrough)
branch  5 taken 100%
call    6 never executed
branch  7 never executed
branch  8 never executed
call    9 never executed
branch 10 never executed
branch 11 never executed
call   12 never executed
branch 13 never executed
branch 14 never executed
call   15 never executed
branch 16 never executed
branch 17 never executed
call   18 never executed
call   19 never executed
call   20 returned 100%
branch 21 taken 100%
branch 22 taken 0%
call   23 never executed
call   24 never executed
call   25 never executed
        1:   36:    ASSERT_EQ(10, p.second);}
call    0 returned 100%
branch  1 taken 100% (fallthrough)
branch  2 taken 0% (throw)
call    3 returned 100%
branch  4 taken 0% (fallthrough)
branch  5 taken 100%
call    6 never executed
branch  7 never executed
branch  8 never executed
call    9 never executed
branch 10 never executed
branch 11 never executed
call   12 never executed
branch 13 never executed
branch 14 never executed
call   15 never executed
branch 16 never executed
branch 17 never executed
call   18 never executed
call   19 never executed
call   20 returned 100%
branch 21 taken 100%
branch 22 taken 0%
call   23 returned 100%
branch 24 taken 100%
branch 25 taken 0%
call   26 never executed
call   27 never executed
call   28 never executed
call   29 never executed
call   30 never executed
        -:   37:
function _ZN26CollatzFixture_read_2_TestD0Ev called 1 returned 100% blocks executed 100%
function _ZN26CollatzFixture_read_2_TestD2Ev called 1 returned 100% blocks executed 75%
function _ZN26CollatzFixture_read_2_Test8TestBodyEv called 1 returned 100% blocks executed 40%
function _ZN26CollatzFixture_read_2_TestC2Ev called 1 returned 100% blocks executed 100%
        5:   38:TEST(CollatzFixture, read_2) {
call    0 returned 100%
call    1 returned 100%
call    2 returned 100%
call    3 returned 100%
call    4 returned 100%
call    5 returned 100%
call    6 returned 100%
branch  7 taken 0% (fallthrough)
branch  8 taken 100%
call    9 never executed
call   10 returned 100%
        1:   39:    string s("5 17\n");
call    0 returned 100%
call    1 returned 100%
branch  2 taken 100% (fallthrough)
branch  3 taken 0% (throw)
call    4 returned 100%
        1:   40:    const pair<int, int> p = collatz_read(s);
call    0 returned 100%
branch  1 taken 100% (fallthrough)
branch  2 taken 0% (throw)
        1:   41:    ASSERT_EQ( 5, p.first);
call    0 returned 100%
branch  1 taken 100% (fallthrough)
branch  2 taken 0% (throw)
call    3 returned 100%
branch  4 taken 0% (fallthrough)
branch  5 taken 100%
call    6 never executed
branch  7 never executed
branch  8 never executed
call    9 never executed
branch 10 never executed
branch 11 never executed
call   12 never executed
branch 13 never executed
branch 14 never executed
call   15 never executed
branch 16 never executed
branch 17 never executed
call   18 never executed
call   19 never executed
call   20 returned 100%
branch 21 taken 100%
branch 22 taken 0%
call   23 never executed
call   24 never executed
call   25 never executed
        1:   42:    ASSERT_EQ(17, p.second);}
call    0 returned 100%
branch  1 taken 100% (fallthrough)
branch  2 taken 0% (throw)
call    3 returned 100%
branch  4 taken 0% (fallthrough)
branch  5 taken 100%
call    6 never executed
branch  7 never executed
branch  8 never executed
call    9 never executed
branch 10 never executed
branch 11 never executed
call   12 never executed
branch 13 never executed
branch 14 never executed
call   15 never executed
branch 16 never executed
branch 17 never executed
call   18 never executed
call   19 never executed
call   20 returned 100%
branch 21 taken 100%
branch 22 taken 0%
call   23 returned 100%
branch 24 taken 100%
branch 25 taken 0%
call   26 never executed
call   27 never executed
call   28 never executed
call   29 never executed
call   30 never executed
        -:   43:
function _ZN26CollatzFixture_read_3_TestD0Ev called 1 returned 100% blocks executed 100%
function _ZN26CollatzFixture_read_3_TestD2Ev called 1 returned 100% blocks executed 75%
function _ZN26CollatzFixture_read_3_Test8TestBodyEv called 1 returned 100% blocks executed 40%
function _ZN26CollatzFixture_read_3_TestC2Ev called 1 returned 100% blocks executed 100%
        5:   44:TEST(CollatzFixture, read_3) {
call    0 returned 100%
call    1 returned 100%
call    2 returned 100%
call    3 returned 100%
call    4 returned 100%
call    5 returned 100%
call    6 returned 100%
branch  7 taken 0% (fallthrough)
branch  8 taken 100%
call    9 never executed
call   10 returned 100%
        1:   45:    string s("3 117\n");
call    0 returned 100%
call    1 returned 100%
branch  2 taken 100% (fallthrough)
branch  3 taken 0% (throw)
call    4 returned 100%
        1:   46:    const pair<int, int> p = collatz_read(s);
call    0 returned 100%
branch  1 taken 100% (fallthrough)
branch  2 taken 0% (throw)
        1:   47:    ASSERT_EQ( 3, p.first);
call    0 returned 100%
branch  1 taken 100% (fallthrough)
branch  2 taken 0% (throw)
call    3 returned 100%
branch  4 taken 0% (fallthrough)
branch  5 taken 100%
call    6 never executed
branch  7 never executed
branch  8 never executed
call    9 never executed
branch 10 never executed
branch 11 never executed
call   12 never executed
branch 13 never executed
branch 14 never executed
call   15 never executed
branch 16 never executed
branch 17 never executed
call   18 never executed
call   19 never executed
call   20 returned 100%
branch 21 taken 100%
branch 22 taken 0%
call   23 never executed
call   24 never executed
call   25 never executed
        1:   48:    ASSERT_EQ(117, p.second);}
call    0 returned 100%
branch  1 taken 100% (fallthrough)
branch  2 taken 0% (throw)
call    3 returned 100%
branch  4 taken 0% (fallthrough)
branch  5 taken 100%
call    6 never executed
branch  7 never executed
branch  8 never executed
call    9 never executed
branch 10 never executed
branch 11 never executed
call   12 never executed
branch 13 never executed
branch 14 never executed
call   15 never executed
branch 16 never executed
branch 17 never executed
call   18 never executed
call   19 never executed
call   20 returned 100%
branch 21 taken 100%
branch 22 taken 0%
call   23 returned 100%
branch 24 taken 100%
branch 25 taken 0%
call   26 never executed
call   27 never executed
call   28 never executed
call   29 never executed
call   30 never executed
        -:   49:
function _ZN26CollatzFixture_read_4_TestD0Ev called 1 returned 100% blocks executed 100%
function _ZN26CollatzFixture_read_4_TestD2Ev called 1 returned 100% blocks executed 75%
function _ZN26CollatzFixture_read_4_Test8TestBodyEv called 1 returned 100% blocks executed 40%
function _ZN26CollatzFixture_read_4_TestC2Ev called 1 returned 100% blocks executed 100%
        5:   50:TEST(CollatzFixture, read_4) {
call    0 returned 100%
call    1 returned 100%
call    2 returned 100%
call    3 returned 100%
call    4 returned 100%
call    5 returned 100%
call    6 returned 100%
branch  7 taken 0% (fallthrough)
branch  8 taken 100%
call    9 never executed
call   10 returned 100%
        1:   51:    string s("9 99\n");
call    0 returned 100%
call    1 returned 100%
branch  2 taken 100% (fallthrough)
branch  3 taken 0% (throw)
call    4 returned 100%
        1:   52:    const pair<int, int> p = collatz_read(s);
call    0 returned 100%
branch  1 taken 100% (fallthrough)
branch  2 taken 0% (throw)
        1:   53:    ASSERT_EQ( 9, p.first);
call    0 returned 100%
branch  1 taken 100% (fallthrough)
branch  2 taken 0% (throw)
call    3 returned 100%
branch  4 taken 0% (fallthrough)
branch  5 taken 100%
call    6 never executed
branch  7 never executed
branch  8 never executed
call    9 never executed
branch 10 never executed
branch 11 never executed
call   12 never executed
branch 13 never executed
branch 14 never executed
call   15 never executed
branch 16 never executed
branch 17 never executed
call   18 never executed
call   19 never executed
call   20 returned 100%
branch 21 taken 100%
branch 22 taken 0%
call   23 never executed
call   24 never executed
call   25 never executed
        1:   54:    ASSERT_EQ(99, p.second);}
call    0 returned 100%
branch  1 taken 100% (fallthrough)
branch  2 taken 0% (throw)
call    3 returned 100%
branch  4 taken 0% (fallthrough)
branch  5 taken 100%
call    6 never executed
branch  7 never executed
branch  8 never executed
call    9 never executed
branch 10 never executed
branch 11 never executed
call   12 never executed
branch 13 never executed
branch 14 never executed
call   15 never executed
branch 16 never executed
branch 17 never executed
call   18 never executed
call   19 never executed
call   20 returned 100%
branch 21 taken 100%
branch 22 taken 0%
call   23 returned 100%
branch 24 taken 100%
branch 25 taken 0%
call   26 never executed
call   27 never executed
call   28 never executed
call   29 never executed
call   30 never executed
        -:   55:
        -:   56:// -----------
        -:   57:// lazy_cache
        -:   58:// -----------
        -:   59:
function _ZN32CollatzFixture_lazy_cache_1_TestD0Ev called 1 returned 100% blocks executed 100%
function _ZN32CollatzFixture_lazy_cache_1_TestD2Ev called 1 returned 100% blocks executed 75%
function _ZN32CollatzFixture_lazy_cache_1_Test8TestBodyEv called 1 returned 100% blocks executed 41%
function _ZN32CollatzFixture_lazy_cache_1_TestC2Ev called 1 returned 100% blocks executed 100%
        5:   60:TEST(CollatzFixture, lazy_cache_1) {
call    0 returned 100%
call    1 returned 100%
call    2 returned 100%
call    3 returned 100%
call    4 returned 100%
call    5 returned 100%
call    6 returned 100%
branch  7 taken 0% (fallthrough)
branch  8 taken 100%
call    9 never executed
call   10 returned 100%
        1:   61:	const int v = lazy_cache(10);
call    0 returned 100%
branch  1 taken 100% (fallthrough)
branch  2 taken 0% (throw)
        1:   62:	ASSERT_EQ(7, v);}
call    0 returned 100%
branch  1 taken 100% (fallthrough)
branch  2 taken 0% (throw)
call    3 returned 100%
branch  4 taken 0% (fallthrough)
branch  5 taken 100%
call    6 never executed
branch  7 never executed
branch  8 never executed
call    9 never executed
branch 10 never executed
branch 11 never executed
call   12 never executed
branch 13 never executed
branch 14 never executed
call   15 never executed
branch 16 never executed
branch 17 never executed
call   18 never executed
call   19 never executed
call   20 returned 100%
branch 21 taken 100%
branch 22 taken 0%
call   23 never executed
call   24 never executed
call   25 never executed
        -:   63:
function _ZN32CollatzFixture_lazy_cache_2_TestD0Ev called 1 returned 100% blocks executed 100%
function _ZN32CollatzFixture_lazy_cache_2_TestD2Ev called 1 returned 100% blocks executed 75%
function _ZN32CollatzFixture_lazy_cache_2_Test8TestBodyEv called 1 returned 100% blocks executed 41%
function _ZN32CollatzFixture_lazy_cache_2_TestC2Ev called 1 returned 100% blocks executed 100%
        5:   64:TEST(CollatzFixture, lazy_cache_2) {
call    0 returned 100%
call    1 returned 100%
call    2 returned 100%
call    3 returned 100%
call    4 returned 100%
call    5 returned 100%
call    6 returned 100%
branch  7 taken 0% (fallthrough)
branch  8 taken 100%
call    9 never executed
call   10 returned 100%
        1:   65:	const int v = lazy_cache(99);
call    0 returned 100%
branch  1 taken 100% (fallthrough)
branch  2 taken 0% (throw)
        1:   66:	ASSERT_EQ(26, v);}
call    0 returned 100%
branch  1 taken 100% (fallthrough)
branch  2 taken 0% (throw)
call    3 returned 100%
branch  4 taken 0% (fallthrough)
branch  5 taken 100%
call    6 never executed
branch  7 never executed
branch  8 never executed
call    9 never executed
branch 10 never executed
branch 11 never executed
call   12 never executed
branch 13 never executed
branch 14 never executed
call   15 never executed
branch 16 never executed
branch 17 never executed
call   18 never executed
call   19 never executed
call   20 returned 100%
branch 21 taken 100%
branch 22 taken 0%
call   23 never executed
call   24 never executed
call   25 never executed
        -:   67:
function _ZN32CollatzFixture_lazy_cache_3_TestD0Ev called 1 returned 100% blocks executed 100%
function _ZN32CollatzFixture_lazy_cache_3_TestD2Ev called 1 returned 100% blocks executed 75%
function _ZN32CollatzFixture_lazy_cache_3_Test8TestBodyEv called 1 returned 100% blocks executed 41%
function _ZN32CollatzFixture_lazy_cache_3_TestC2Ev called 1 returned 100% blocks executed 100%
        5:   68:TEST(CollatzFixture, lazy_cache_3) {
call    0 returned 100%
call    1 returned 100%
call    2 returned 100%
call    3 returned 100%
call    4 returned 100%
call    5 returned 100%
call    6 returned 100%
branch  7 taken 0% (fallthrough)
branch  8 taken 100%
call    9 never executed
call   10 returned 100%
        1:   69:	const int v = lazy_cache(123);
call    0 returned 100%
branch  1 taken 100% (fallthrough)
branch  2 taken 0% (throw)
        1:   70:	ASSERT_EQ(47, v);}
call    0 returned 100%
branch  1 taken 100% (fallthrough)
branch  2 taken 0% (throw)
call    3 returned 100%
branch  4 taken 0% (fallthrough)
branch  5 taken 100%
call    6 never executed
branch  7 never executed
branch  8 never executed
call    9 never executed
branch 10 never executed
branch 11 never executed
call   12 never executed
branch 13 never executed
branch 14 never executed
call   15 never executed
branch 16 never executed
branch 17 never executed
call   18 never executed
call   19 never executed
call   20 returned 100%
branch 21 taken 100%
branch 22 taken 0%
call   23 never executed
call   24 never executed
call   25 never executed
        -:   71:
        -:   72:// ----
        -:   73:// eval
        -:   74:// ----
        -:   75:
function _ZN26CollatzFixture_eval_1_TestD0Ev called 1 returned 100% blocks executed 100%
function _ZN26CollatzFixture_eval_1_TestD2Ev called 1 returned 100% blocks executed 75%
function _ZN26CollatzFixture_eval_1_Test8TestBodyEv called 1 returned 100% blocks executed 41%
function _ZN26CollatzFixture_eval_1_TestC2Ev called 1 returned 100% blocks executed 100%
        5:   76:TEST(CollatzFixture, eval_1) {
call    0 returned 100%
call    1 returned 100%
call    2 returned 100%
call    3 returned 100%
call    4 returned 100%
call    5 returned 100%
call    6 returned 100%
branch  7 taken 0% (fallthrough)
branch  8 taken 100%
call    9 never executed
call   10 returned 100%
        1:   77:    const int v = collatz_eval(1, 10);
call    0 returned 100%
branch  1 taken 100% (fallthrough)
branch  2 taken 0% (throw)
        1:   78:    ASSERT_EQ(20, v);}
call    0 returned 100%
branch  1 taken 100% (fallthrough)
branch  2 taken 0% (throw)
call    3 returned 100%
branch  4 taken 0% (fallthrough)
branch  5 taken 100%
call    6 never executed
branch  7 never executed
branch  8 never executed
call    9 never executed
branch 10 never executed
branch 11 never executed
call   12 never executed
branch 13 never executed
branch 14 never executed
call   15 never executed
branch 16 never executed
branch 17 never executed
call   18 never executed
call   19 never executed
call   20 returned 100%
branch 21 taken 100%
branch 22 taken 0%
call   23 never executed
call   24 never executed
call   25 never executed
        -:   79:
function _ZN26CollatzFixture_eval_2_TestD0Ev called 1 returned 100% blocks executed 100%
function _ZN26CollatzFixture_eval_2_TestD2Ev called 1 returned 100% blocks executed 75%
function _ZN26CollatzFixture_eval_2_Test8TestBodyEv called 1 returned 100% blocks executed 41%
function _ZN26CollatzFixture_eval_2_TestC2Ev called 1 returned 100% blocks executed 100%
        5:   80:TEST(CollatzFixture, eval_2) {
call    0 returned 100%
call    1 returned 100%
call    2 returned 100%
call    3 returned 100%
call    4 returned 100%
call    5 returned 100%
call    6 returned 100%
branch  7 taken 0% (fallthrough)
branch  8 taken 100%
call    9 never executed
call   10 returned 100%
        1:   81:    const int v = collatz_eval(100, 200);
call    0 returned 100%
branch  1 taken 100% (fallthrough)
branch  2 taken 0% (throw)
        1:   82:    ASSERT_EQ(125, v);}
call    0 returned 100%
branch  1 taken 100% (fallthrough)
branch  2 taken 0% (throw)
call    3 returned 100%
branch  4 taken 0% (fallthrough)
branch  5 taken 100%
call    6 never executed
branch  7 never executed
branch  8 never executed
call    9 never executed
branch 10 never executed
branch 11 never executed
call   12 never executed
branch 13 never executed
branch 14 never executed
call   15 never executed
branch 16 never executed
branch 17 never executed
call   18 never executed
call   19 never executed
call   20 returned 100%
branch 21 taken 100%
branch 22 taken 0%
call   23 never executed
call   24 never executed
call   25 never executed
        -:   83:
function _ZN26CollatzFixture_eval_3_TestD0Ev called 1 returned 100% blocks executed 100%
function _ZN26CollatzFixture_eval_3_TestD2Ev called 1 returned 100% blocks executed 75%
function _ZN26CollatzFixture_eval_3_Test8TestBodyEv called 1 returned 100% blocks executed 41%
function _ZN26CollatzFixture_eval_3_TestC2Ev called 1 returned 100% blocks executed 100%
        5:   84:TEST(CollatzFixture, eval_3) {
call    0 returned 100%
call    1 returned 100%
call    2 returned 100%
call    3 returned 100%
call    4 returned 100%
call    5 returned 100%
call    6 returned 100%
branch  7 taken 0% (fallthrough)
branch  8 taken 100%
call    9 never executed
call   10 returned 100%
        1:   85:    const int v = collatz_eval(201, 210);
call    0 returned 100%
branch  1 taken 100% (fallthrough)
branch  2 taken 0% (throw)
        1:   86:    ASSERT_EQ(89, v);}
call    0 returned 100%
branch  1 taken 100% (fallthrough)
branch  2 taken 0% (throw)
call    3 returned 100%
branch  4 taken 0% (fallthrough)
branch  5 taken 100%
call    6 never executed
branch  7 never executed
branch  8 never executed
call    9 never executed
branch 10 never executed
branch 11 never executed
call   12 never executed
branch 13 never executed
branch 14 never executed
call   15 never executed
branch 16 never executed
branch 17 never executed
call   18 never executed
call   19 never executed
call   20 returned 100%
branch 21 taken 100%
branch 22 taken 0%
call   23 never executed
call   24 never executed
call   25 never executed
        -:   87:
function _ZN26CollatzFixture_eval_4_TestD0Ev called 1 returned 100% blocks executed 100%
function _ZN26CollatzFixture_eval_4_TestD2Ev called 1 returned 100% blocks executed 75%
function _ZN26CollatzFixture_eval_4_Test8TestBodyEv called 1 returned 100% blocks executed 41%
function _ZN26CollatzFixture_eval_4_TestC2Ev called 1 returned 100% blocks executed 100%
        5:   88:TEST(CollatzFixture, eval_4) {
call    0 returned 100%
call    1 returned 100%
call    2 returned 100%
call    3 returned 100%
call    4 returned 100%
call    5 returned 100%
call    6 returned 100%
branch  7 taken 0% (fallthrough)
branch  8 taken 100%
call    9 never executed
call   10 returned 100%
        1:   89:    const int v = collatz_eval(900, 1000);
call    0 returned 100%
branch  1 taken 100% (fallthrough)
branch  2 taken 0% (throw)
        1:   90:    ASSERT_EQ(174, v);}
call    0 returned 100%
branch  1 taken 100% (fallthrough)
branch  2 taken 0% (throw)
call    3 returned 100%
branch  4 taken 0% (fallthrough)
branch  5 taken 100%
call    6 never executed
branch  7 never executed
branch  8 never executed
call    9 never executed
branch 10 never executed
branch 11 never executed
call   12 never executed
branch 13 never executed
branch 14 never executed
call   15 never executed
branch 16 never executed
branch 17 never executed
call   18 never executed
call   19 never executed
call   20 returned 100%
branch 21 taken 100%
branch 22 taken 0%
call   23 never executed
call   24 never executed
call   25 never executed
        -:   91:
function _ZN26CollatzFixture_eval_5_TestD0Ev called 1 returned 100% blocks executed 100%
function _ZN26CollatzFixture_eval_5_TestD2Ev called 1 returned 100% blocks executed 75%
function _ZN26CollatzFixture_eval_5_Test8TestBodyEv called 1 returned 100% blocks executed 41%
function _ZN26CollatzFixture_eval_5_TestC2Ev called 1 returned 100% blocks executed 100%
        5:   92:TEST(CollatzFixture, eval_5) {
call    0 returned 100%
call    1 returned 100%
call    2 returned 100%
call    3 returned 100%
call    4 returned 100%
call    5 returned 100%
call    6 returned 100%
branch  7 taken 0% (fallthrough)
branch  8 taken 100%
call    9 never executed
call   10 returned 100%
        1:   93:    const int v = collatz_eval(1, 2);
call    0 returned 100%
branch  1 taken 100% (fallthrough)
branch  2 taken 0% (throw)
        1:   94:    ASSERT_EQ(2, v);}
call    0 returned 100%
branch  1 taken 100% (fallthrough)
branch  2 taken 0% (throw)
call    3 returned 100%
branch  4 taken 0% (fallthrough)
branch  5 taken 100%
call    6 never executed
branch  7 never executed
branch  8 never executed
call    9 never executed
branch 10 never executed
branch 11 never executed
call   12 never executed
branch 13 never executed
branch 14 never executed
call   15 never executed
branch 16 never executed
branch 17 never executed
call   18 never executed
call   19 never executed
call   20 returned 100%
branch 21 taken 100%
branch 22 taken 0%
call   23 never executed
call   24 never executed
call   25 never executed
        -:   95:
function _ZN26CollatzFixture_eval_6_TestD0Ev called 1 returned 100% blocks executed 100%
function _ZN26CollatzFixture_eval_6_TestD2Ev called 1 returned 100% blocks executed 75%
function _ZN26CollatzFixture_eval_6_Test8TestBodyEv called 1 returned 100% blocks executed 41%
function _ZN26CollatzFixture_eval_6_TestC2Ev called 1 returned 100% blocks executed 100%
        5:   96:TEST(CollatzFixture, eval_6) {
call    0 returned 100%
call    1 returned 100%
call    2 returned 100%
call    3 returned 100%
call    4 returned 100%
call    5 returned 100%
call    6 returned 100%
branch  7 taken 0% (fallthrough)
branch  8 taken 100%
call    9 never executed
call   10 returned 100%
        1:   97:    const int v = collatz_eval(2, 3);
call    0 returned 100%
branch  1 taken 100% (fallthrough)
branch  2 taken 0% (throw)
        1:   98:    ASSERT_EQ(8, v);}
call    0 returned 100%
branch  1 taken 100% (fallthrough)
branch  2 taken 0% (throw)
call    3 returned 100%
branch  4 taken 0% (fallthrough)
branch  5 taken 100%
call    6 never executed
branch  7 never executed
branch  8 never executed
call    9 never executed
branch 10 never executed
branch 11 never executed
call   12 never executed
branch 13 never executed
branch 14 never executed
call   15 never executed
branch 16 never executed
branch 17 never executed
call   18 never executed
call   19 never executed
call   20 returned 100%
branch 21 taken 100%
branch 22 taken 0%
call   23 never executed
call   24 never executed
call   25 never executed
        -:   99:
function _ZN26CollatzFixture_eval_7_TestD0Ev called 1 returned 100% blocks executed 100%
function _ZN26CollatzFixture_eval_7_TestD2Ev called 1 returned 100% blocks executed 75%
function _ZN26CollatzFixture_eval_7_Test8TestBodyEv called 1 returned 100% blocks executed 41%
function _ZN26CollatzFixture_eval_7_TestC2Ev called 1 returned 100% blocks executed 100%
        5:  100:TEST(CollatzFixture, eval_7) {
call    0 returned 100%
call    1 returned 100%
call    2 returned 100%
call    3 returned 100%
call    4 returned 100%
call    5 returned 100%
call    6 returned 100%
branch  7 taken 0% (fallthrough)
branch  8 taken 100%
call    9 never executed
call   10 returned 100%
        1:  101:    const int v = collatz_eval(12, 45);
call    0 returned 100%
branch  1 taken 100% (fallthrough)
branch  2 taken 0% (throw)
        1:  102:    ASSERT_EQ(112, v);}
call    0 returned 100%
branch  1 taken 100% (fallthrough)
branch  2 taken 0% (throw)
call    3 returned 100%
branch  4 taken 0% (fallthrough)
branch  5 taken 100%
call    6 never executed
branch  7 never executed
branch  8 never executed
call    9 never executed
branch 10 never executed
branch 11 never executed
call   12 never executed
branch 13 never executed
branch 14 never executed
call   15 never executed
branch 16 never executed
branch 17 never executed
call   18 never executed
call   19 never executed
call   20 returned 100%
branch 21 taken 100%
branch 22 taken 0%
call   23 never executed
call   24 never executed
call   25 never executed
        -:  103:
function _ZN26CollatzFixture_eval_8_TestD0Ev called 1 returned 100% blocks executed 100%
function _ZN26CollatzFixture_eval_8_TestD2Ev called 1 returned 100% blocks executed 75%
function _ZN26CollatzFixture_eval_8_Test8TestBodyEv called 1 returned 100% blocks executed 41%
function _ZN26CollatzFixture_eval_8_TestC2Ev called 1 returned 100% blocks executed 100%
        5:  104:TEST(CollatzFixture, eval_8) {
call    0 returned 100%
call    1 returned 100%
call    2 returned 100%
call    3 returned 100%
call    4 returned 100%
call    5 returned 100%
call    6 returned 100%
branch  7 taken 0% (fallthrough)
branch  8 taken 100%
call    9 never executed
call   10 returned 100%
        1:  105:    const int v = collatz_eval(23, 456);
call    0 returned 100%
branch  1 taken 100% (fallthrough)
branch  2 taken 0% (throw)
        1:  106:    ASSERT_EQ(144, v);}
call    0 returned 100%
branch  1 taken 100% (fallthrough)
branch  2 taken 0% (throw)
call    3 returned 100%
branch  4 taken 0% (fallthrough)
branch  5 taken 100%
call    6 never executed
branch  7 never executed
branch  8 never executed
call    9 never executed
branch 10 never executed
branch 11 never executed
call   12 never executed
branch 13 never executed
branch 14 never executed
call   15 never executed
branch 16 never executed
branch 17 never executed
call   18 never executed
call   19 never executed
call   20 returned 100%
branch 21 taken 100%
branch 22 taken 0%
call   23 never executed
call   24 never executed
call   25 never executed
        -:  107:
        -:  108:// -----
        -:  109:// print
        -:  110:// -----
        -:  111:
function _ZN27CollatzFixture_print_1_TestD0Ev called 1 returned 100% blocks executed 100%
function _ZN27CollatzFixture_print_1_TestD2Ev called 1 returned 100% blocks executed 75%
function _ZN27CollatzFixture_print_1_Test8TestBodyEv called 1 returned 100% blocks executed 47%
function _ZN27CollatzFixture_print_1_TestC2Ev called 1 returned 100% blocks executed 100%
        5:  112:TEST(CollatzFixture, print_1) {
call    0 returned 100%
call    1 returned 100%
call    2 returned 100%
call    3 returned 100%
call    4 returned 100%
call    5 returned 100%
call    6 returned 100%
branch  7 taken 0% (fallthrough)
branch  8 taken 100%
call    9 never executed
call   10 returned 100%
        1:  113:    ostringstream w;
call    0 returned 100%
branch  1 taken 100% (fallthrough)
branch  2 taken 0% (throw)
        1:  114:    collatz_print(w, 1, 10, 20);
call    0 returned 100%
branch  1 taken 100% (fallthrough)
branch  2 taken 0% (throw)
        1:  115:    ASSERT_EQ("1 10 20\n", w.str());}
call    0 returned 100%
branch  1 taken 100% (fallthrough)
branch  2 taken 0% (throw)
call    3 returned 100%
branch  4 taken 100% (fallthrough)
branch  5 taken 0% (throw)
call    6 returned 100%
call    7 returned 100%
branch  8 taken 0% (fallthrough)
branch  9 taken 100%
call   10 never executed
branch 11 never executed
branch 12 never executed
call   13 never executed
branch 14 never executed
branch 15 never executed
call   16 never executed
branch 17 never executed
branch 18 never executed
call   19 never executed
branch 20 never executed
branch 21 never executed
call   22 never executed
call   23 never executed
call   24 returned 100%
branch 25 taken 100%
branch 26 taken 0%
call   27 returned 100%
branch 28 taken 100%
branch 29 taken 0%
call   30 never executed
call   31 never executed
call   32 never executed
call   33 never executed
call   34 never executed
        -:  116:
function _ZN27CollatzFixture_print_2_TestD0Ev called 1 returned 100% blocks executed 100%
function _ZN27CollatzFixture_print_2_TestD2Ev called 1 returned 100% blocks executed 75%
function _ZN27CollatzFixture_print_2_Test8TestBodyEv called 1 returned 100% blocks executed 47%
function _ZN27CollatzFixture_print_2_TestC2Ev called 1 returned 100% blocks executed 100%
        5:  117:TEST(CollatzFixture, print_2) {
call    0 returned 100%
call    1 returned 100%
call    2 returned 100%
call    3 returned 100%
call    4 returned 100%
call    5 returned 100%
call    6 returned 100%
branch  7 taken 0% (fallthrough)
branch  8 taken 100%
call    9 never executed
call   10 returned 100%
        1:  118:    ostringstream w;
call    0 returned 100%
branch  1 taken 100% (fallthrough)
branch  2 taken 0% (throw)
        1:  119:    collatz_print(w, 201, 210, 89);
call    0 returned 100%
branch  1 taken 100% (fallthrough)
branch  2 taken 0% (throw)
        1:  120:    ASSERT_EQ("201 210 89\n", w.str());}
call    0 returned 100%
branch  1 taken 100% (fallthrough)
branch  2 taken 0% (throw)
call    3 returned 100%
branch  4 taken 100% (fallthrough)
branch  5 taken 0% (throw)
call    6 returned 100%
call    7 returned 100%
branch  8 taken 0% (fallthrough)
branch  9 taken 100%
call   10 never executed
branch 11 never executed
branch 12 never executed
call   13 never executed
branch 14 never executed
branch 15 never executed
call   16 never executed
branch 17 never executed
branch 18 never executed
call   19 never executed
branch 20 never executed
branch 21 never executed
call   22 never executed
call   23 never executed
call   24 returned 100%
branch 25 taken 100%
branch 26 taken 0%
call   27 returned 100%
branch 28 taken 100%
branch 29 taken 0%
call   30 never executed
call   31 never executed
call   32 never executed
call   33 never executed
call   34 never executed
        -:  121:
function _ZN27CollatzFixture_print_3_TestD0Ev called 1 returned 100% blocks executed 100%
function _ZN27CollatzFixture_print_3_TestD2Ev called 1 returned 100% blocks executed 75%
function _ZN27CollatzFixture_print_3_Test8TestBodyEv called 1 returned 100% blocks executed 47%
function _ZN27CollatzFixture_print_3_TestC2Ev called 1 returned 100% blocks executed 100%
        5:  122:TEST(CollatzFixture, print_3) {
call    0 returned 100%
call    1 returned 100%
call    2 returned 100%
call    3 returned 100%
call    4 returned 100%
call    5 returned 100%
call    6 returned 100%
branch  7 taken 0% (fallthrough)
branch  8 taken 100%
call    9 never executed
call   10 returned 100%
        1:  123:    ostringstream w;
call    0 returned 100%
branch  1 taken 100% (fallthrough)
branch  2 taken 0% (throw)
        1:  124:    collatz_print(w, 13, 100, 270);
call    0 returned 100%
branch  1 taken 100% (fallthrough)
branch  2 taken 0% (throw)
        1:  125:    ASSERT_EQ("13 100 270\n", w.str());}
call    0 returned 100%
branch  1 taken 100% (fallthrough)
branch  2 taken 0% (throw)
call    3 returned 100%
branch  4 taken 100% (fallthrough)
branch  5 taken 0% (throw)
call    6 returned 100%
call    7 returned 100%
branch  8 taken 0% (fallthrough)
branch  9 taken 100%
call   10 never executed
branch 11 never executed
branch 12 never executed
call   13 never executed
branch 14 never executed
branch 15 never executed
call   16 never executed
branch 17 never executed
branch 18 never executed
call   19 never executed
branch 20 never executed
branch 21 never executed
call   22 never executed
call   23 never executed
call   24 returned 100%
branch 25 taken 100%
branch 26 taken 0%
call   27 returned 100%
branch 28 taken 100%
branch 29 taken 0%
call   30 never executed
call   31 never executed
call   32 never executed
call   33 never executed
call   34 never executed
        -:  126:
function _ZN27CollatzFixture_print_4_TestD0Ev called 1 returned 100% blocks executed 100%
function _ZN27CollatzFixture_print_4_TestD2Ev called 1 returned 100% blocks executed 75%
function _ZN27CollatzFixture_print_4_Test8TestBodyEv called 1 returned 100% blocks executed 47%
function _ZN27CollatzFixture_print_4_TestC2Ev called 1 returned 100% blocks executed 100%
        5:  127:TEST(CollatzFixture, print_4) {
call    0 returned 100%
call    1 returned 100%
call    2 returned 100%
call    3 returned 100%
call    4 returned 100%
call    5 returned 100%
call    6 returned 100%
branch  7 taken 0% (fallthrough)
branch  8 taken 100%
call    9 never executed
call   10 returned 100%
        1:  128:    ostringstream w;
call    0 returned 100%
branch  1 taken 100% (fallthrough)
branch  2 taken 0% (throw)
        1:  129:    collatz_print(w, 21, 28, 57);
call    0 returned 100%
branch  1 taken 100% (fallthrough)
branch  2 taken 0% (throw)
        1:  130:    ASSERT_EQ("21 28 57\n", w.str());}
call    0 returned 100%
branch  1 taken 100% (fallthrough)
branch  2 taken 0% (throw)
call    3 returned 100%
branch  4 taken 100% (fallthrough)
branch  5 taken 0% (throw)
call    6 returned 100%
call    7 returned 100%
branch  8 taken 0% (fallthrough)
branch  9 taken 100%
call   10 never executed
branch 11 never executed
branch 12 never executed
call   13 never executed
branch 14 never executed
branch 15 never executed
call   16 never executed
branch 17 never executed
branch 18 never executed
call   19 never executed
branch 20 never executed
branch 21 never executed
call   22 never executed
call   23 never executed
call   24 returned 100%
branch 25 taken 100%
branch 26 taken 0%
call   27 returned 100%
branch 28 taken 100%
branch 29 taken 0%
call   30 never executed
call   31 never executed
call   32 never executed
call   33 never executed
call   34 never executed
        -:  131:
        -:  132:// -----
        -:  133:// solve
        -:  134:// -----
        -:  135:
function _ZN27CollatzFixture_solve_1_TestD0Ev called 1 returned 100% blocks executed 100%
function _ZN27CollatzFixture_solve_1_TestD2Ev called 1 returned 100% blocks executed 75%
function _ZN27CollatzFixture_solve_1_Test8TestBodyEv called 1 returned 100% blocks executed 50%
function _ZN27CollatzFixture_solve_1_TestC2Ev called 1 returned 100% blocks executed 100%
        5:  136:TEST(CollatzFixture, solve_1) {
call    0 returned 100%
call    1 returned 100%
call    2 returned 100%
call    3 returned 100%
call    4 returned 100%
call    5 returned 100%
call    6 returned 100%
branch  7 taken 0% (fallthrough)
branch  8 taken 100%
call    9 never executed
call   10 returned 100%
        1:  137:    istringstream r("1 10\n100 200\n201 210\n900 1000\n");
call    0 returned 100%
call    1 returned 100%
branch  2 taken 100% (fallthrough)
branch  3 taken 0% (throw)
call    4 returned 100%
branch  5 taken 100% (fallthrough)
branch  6 taken 0% (throw)
call    7 returned 100%
call    8 returned 100%
call    9 never executed
call   10 never executed
        2:  138:    ostringstream w;
call    0 returned 100%
branch  1 taken 100% (fallthrough)
branch  2 taken 0% (throw)
call    3 returned 100%
branch  4 taken 100%
branch  5 taken 0%
call    6 never executed
        1:  139:    collatz_solve(r, w);
call    0 returned 100%
branch  1 taken 100% (fallthrough)
branch  2 taken 0% (throw)
        2:  140:    ASSERT_EQ("1 10 20\n100 200 125\n201 210 89\n900 1000 174\n", w.str());}
call    0 returned 100%
branch  1 taken 100% (fallthrough)
branch  2 taken 0% (throw)
call    3 returned 100%
branch  4 taken 100% (fallthrough)
branch  5 taken 0% (throw)
call    6 returned 100%
call    7 returned 100%
branch  8 taken 0% (fallthrough)
branch  9 taken 100%
call   10 never executed
branch 11 never executed
branch 12 never executed
call   13 never executed
branch 14 never executed
branch 15 never executed
call   16 never executed
branch 17 never executed
branch 18 never executed
call   19 never executed
branch 20 never executed
branch 21 never executed
call   22 never executed
call   23 never executed
call   24 returned 100%
branch 25 taken 100%
branch 26 taken 0%
call   27 returned 100%
branch 28 taken 100%
branch 29 taken 0%
call   30 never executed
call   31 never executed
call   32 never executed
call   33 never executed
call   34 never executed
        -:  141:
function _ZN27CollatzFixture_solve_2_TestD0Ev called 1 returned 100% blocks executed 100%
function _ZN27CollatzFixture_solve_2_TestD2Ev called 1 returned 100% blocks executed 75%
function _ZN27CollatzFixture_solve_2_Test8TestBodyEv called 1 returned 100% blocks executed 50%
function _ZN27CollatzFixture_solve_2_TestC2Ev called 1 returned 100% blocks executed 100%
        5:  142:TEST(CollatzFixture, solve_2) {
call    0 returned 100%
call    1 returned 100%
call    2 returned 100%
call    3 returned 100%
call    4 returned 100%
call    5 returned 100%
call    6 returned 100%
branch  7 taken 0% (fallthrough)
branch  8 taken 100%
call    9 never executed
call   10 returned 100%
        1:  143:    istringstream r("1 2\n2 3\n2 6\n3 9\n");
call    0 returned 100%
call    1 returned 100%
branch  2 taken 100% (fallthrough)
branch  3 taken 0% (throw)
call    4 returned 100%
branch  5 taken 100% (fallthrough)
branch  6 taken 0% (throw)
call    7 returned 100%
call    8 returned 100%
call    9 never executed
call   10 never executed
        2:  144:    ostringstream w;
call    0 returned 100%
branch  1 taken 100% (fallthrough)
branch  2 taken 0% (throw)
call    3 returned 100%
branch  4 taken 100%
branch  5 taken 0%
call    6 never executed
        1:  145:    collatz_solve(r, w);
call    0 returned 100%
branch  1 taken 100% (fallthrough)
branch  2 taken 0% (throw)
        2:  146:    ASSERT_EQ("1 2 2\n2 3 8\n2 6 9\n3 9 20\n", w.str());}
call    0 returned 100%
branch  1 taken 100% (fallthrough)
branch  2 taken 0% (throw)
call    3 returned 100%
branch  4 taken 100% (fallthrough)
branch  5 taken 0% (throw)
call    6 returned 100%
call    7 returned 100%
branch  8 taken 0% (fallthrough)
branch  9 taken 100%
call   10 never executed
branch 11 never executed
branch 12 never executed
call   13 never executed
branch 14 never executed
branch 15 never executed
call   16 never executed
branch 17 never executed
branch 18 never executed
call   19 never executed
branch 20 never executed
branch 21 never executed
call   22 never executed
call   23 never executed
call   24 returned 100%
branch 25 taken 100%
branch 26 taken 0%
call   27 returned 100%
branch 28 taken 100%
branch 29 taken 0%
call   30 never executed
call   31 never executed
call   32 never executed
call   33 never executed
call   34 never executed
        -:  147:
function _ZN27CollatzFixture_solve_3_TestD0Ev called 1 returned 100% blocks executed 100%
function _ZN27CollatzFixture_solve_3_TestD2Ev called 1 returned 100% blocks executed 75%
function _ZN27CollatzFixture_solve_3_Test8TestBodyEv called 1 returned 100% blocks executed 50%
function _ZN27CollatzFixture_solve_3_TestC2Ev called 1 returned 100% blocks executed 100%
        5:  148:TEST(CollatzFixture, solve_3) {
call    0 returned 100%
call    1 returned 100%
call    2 returned 100%
call    3 returned 100%
call    4 returned 100%
call    5 returned 100%
call    6 returned 100%
branch  7 taken 0% (fallthrough)
branch  8 taken 100%
call    9 never executed
call   10 returned 100%
        1:  149:    istringstream r("1 500\n3501 4000\n6001 6500\n9001 9500\n");
call    0 returned 100%
call    1 returned 100%
branch  2 taken 100% (fallthrough)
branch  3 taken 0% (throw)
call    4 returned 100%
branch  5 taken 100% (fallthrough)
branch  6 taken 0% (throw)
call    7 returned 100%
call    8 returned 100%
call    9 never executed
call   10 never executed
        2:  150:    ostringstream w;
call    0 returned 100%
branch  1 taken 100% (fallthrough)
branch  2 taken 0% (throw)
call    3 returned 100%
branch  4 taken 100%
branch  5 taken 0%
call    6 never executed
        1:  151:    collatz_solve(r, w);
call    0 returned 100%
branch  1 taken 100% (fallthrough)
branch  2 taken 0% (throw)
        2:  152:    ASSERT_EQ("1 500 144\n3501 4000 238\n6001 6500 262\n9001 9500 260\n", w.str());}
call    0 returned 100%
branch  1 taken 100% (fallthrough)
branch  2 taken 0% (throw)
call    3 returned 100%
branch  4 taken 100% (fallthrough)
branch  5 taken 0% (throw)
call    6 returned 100%
call    7 returned 100%
branch  8 taken 0% (fallthrough)
branch  9 taken 100%
call   10 never executed
branch 11 never executed
branch 12 never executed
call   13 never executed
branch 14 never executed
branch 15 never executed
call   16 never executed
branch 17 never executed
branch 18 never executed
call   19 never executed
branch 20 never executed
branch 21 never executed
call   22 never executed
call   23 never executed
call   24 returned 100%
branch 25 taken 100%
branch 26 taken 0%
call   27 returned 100%
branch 28 taken 100%
branch 29 taken 0%
call   30 never executed
call   31 never executed
call   32 never executed
call   33 never executed
call   34 never executed
        -:  153:
function _ZN27CollatzFixture_solve_4_TestD0Ev called 1 returned 100% blocks executed 100%
function _ZN27CollatzFixture_solve_4_TestD2Ev called 1 returned 100% blocks executed 75%
function _ZN27CollatzFixture_solve_4_Test8TestBodyEv called 1 returned 100% blocks executed 50%
function _ZN27CollatzFixture_solve_4_TestC2Ev called 1 returned 100% blocks executed 100%
        5:  154:TEST(CollatzFixture, solve_4) {
call    0 returned 100%
call    1 returned 100%
call    2 returned 100%
call    3 returned 100%
call    4 returned 100%
call    5 returned 100%
call    6 returned 100%
branch  7 taken 0% (fallthrough)
branch  8 taken 100%
call    9 never executed
call   10 returned 100%
        1:  155:    istringstream r("10 1\n200 100\n21000 22000\n27000 28000\n");
call    0 returned 100%
call    1 returned 100%
branch  2 taken 100% (fallthrough)
branch  3 taken 0% (throw)
call    4 returned 100%
branch  5 taken 100% (fallthrough)
branch  6 taken 0% (throw)
call    7 returned 100%
call    8 returned 100%
call    9 never executed
call   10 never executed
        2:  156:    ostringstream w;
call    0 returned 100%
branch  1 taken 100% (fallthrough)
branch  2 taken 0% (throw)
call    3 returned 100%
branch  4 taken 100%
branch  5 taken 0%
call    6 never executed
        1:  157:    collatz_solve(r, w);
call    0 returned 100%
branch  1 taken 100% (fallthrough)
branch  2 taken 0% (throw)
function _GLOBAL__sub_I__ZN26CollatzFixture_read_1_Test10test_info_E called 1 returned 100% blocks executed 100%
function _Z41__static_initialization_and_destruction_0ii called 1 returned 100% blocks executed 100%
        5:  158:    ASSERT_EQ("10 1 20\n200 100 125\n21000 22000 269\n27000 28000 259\n", w.str());}
call    0 returned 100%
branch  1 taken 100% (fallthrough)
branch  2 taken 0%
branch  3 taken 100% (fallthrough)
branch  4 taken 0%
call    5 returned 100%
branch  6 taken 100% (fallthrough)
branch  7 taken 0% (throw)
call    8 returned 100%
branch  9 taken 100% (fallthrough)
branch 10 taken 0% (throw)
call   11 returned 100%
call   12 returned 100%
branch 13 taken 0% (fallthrough)
branch 14 taken 100%
call   15 never executed
branch 16 never executed
branch 17 never executed
call   18 never executed
branch 19 never executed
branch 20 never executed
call   21 never executed
branch 22 never executed
branch 23 never executed
call   24 never executed
branch 25 never executed
branch 26 never executed
call   27 never executed
call   28 never executed
call   29 returned 100%
branch 30 taken 100%
branch 31 taken 0%
call   32 returned 100%
branch 33 taken 100%
branch 34 taken 0%
call   35 never executed
call   36 never executed
call   37 never executed
call   38 never executed
call   39 never executed
        -:  159:
        -:  160:/*
        -:  161:% g++ -fprofile-arcs -ftest-coverage -pedantic -std=c++11 -Wall Collatz.c++ TestCollatz.c++ -o TestCollatz -lgtest -lgtest_main -lpthread
        -:  162:
        -:  163:
        -:  164:
        -:  165:% valgrind TestCollatz                                         >  TestCollatz.out 2>&1
        -:  166:% gcov -b Collatz.c++     | grep -A 5 "File 'Collatz.c++'"     >> TestCollatz.out
        -:  167:% gcov -b TestCollatz.c++ | grep -A 5 "File 'TestCollatz.c++'" >> TestCollatz.out
        -:  168:
        -:  169:
        -:  170:
        -:  171:% cat TestCollatz.out
        -:  172:==14225== Memcheck, a memory error detector
        -:  173:==14225== Copyright (C) 2002-2011, and GNU GPL'd, by Julian Seward et al.
        -:  174:==14225== Using Valgrind-3.7.0 and LibVEX; rerun with -h for copyright info
        -:  175:==14225== Command: TestCollatz
        -:  176:==14225==
        -:  177:Running main() from gtest_main.cc
        -:  178:[==========] Running 7 tests from 1 test case.
        -:  179:[----------] Global test environment set-up.
        -:  180:[----------] 7 tests from Collatz
        -:  181:[ RUN      ] Collatz.read
        -:  182:[       OK ] Collatz.read (31 ms)
        -:  183:[ RUN      ] Collatz.eval_1
        -:  184:[       OK ] Collatz.eval_1 (5 ms)
        -:  185:[ RUN      ] Collatz.eval_2
        -:  186:[       OK ] Collatz.eval_2 (3 ms)
        -:  187:[ RUN      ] Collatz.eval_3
        -:  188:[       OK ] Collatz.eval_3 (3 ms)
        -:  189:[ RUN      ] Collatz.eval_4
        -:  190:[       OK ] Collatz.eval_4 (3 ms)
        -:  191:[ RUN      ] Collatz.print
        -:  192:[       OK ] Collatz.print (17 ms)
        -:  193:[ RUN      ] Collatz.solve
        -:  194:[       OK ] Collatz.solve (10 ms)
        -:  195:[----------] 7 tests from Collatz (88 ms total)
        -:  196:
        -:  197:[----------] Global test environment tear-down
        -:  198:[==========] 7 tests from 1 test case ran. (132 ms total)
        -:  199:[  PASSED  ] 7 tests.
        -:  200:==14225==
        -:  201:==14225== HEAP SUMMARY:
        -:  202:==14225==     in use at exit: 0 bytes in 0 blocks
        -:  203:==14225==   total heap usage: 495 allocs, 495 frees, 70,302 bytes allocated
        -:  204:==14225==
        -:  205:==14225== All heap blocks were freed -- no leaks are possible
        -:  206:==14225==
        -:  207:==14225== For counts of detected and suppressed errors, rerun with: -v
        -:  208:==14225== ERROR SUMMARY: 0 errors from 0 contexts (suppressed: 2 from 2)
        -:  209:File 'Collatz.c++'
        -:  210:Lines executed:100.00% of 17
        -:  211:Branches executed:100.00% of 18
        -:  212:Taken at least once:61.11% of 18
        -:  213:Calls executed:89.47% of 19
        -:  214:Creating 'Collatz.c++.gcov'
        -:  215:File 'TestCollatz.c++'
        -:  216:Lines executed:100.00% of 26
        -:  217:Branches executed:57.14% of 224
        -:  218:Taken at least once:28.57% of 224
        -:  219:Calls executed:54.07% of 209
        -:  220:Creating 'TestCollatz.c++.gcov'
        -:  221:*/
